
> propalet@1.0.0 web
> expo start --web -c

Starting project at C:\Project\ProPalet
Using src/app as the root directory for Expo Router.
React Compiler enabled
Starting Metro Bundler

warning: Bundler cache is empty, rebuilding (this may take a minute)
Waiting on http://localhost:8081
Logs for your project will appear below.
Web node_modules\expo-router\entry.js ▓▓▓▓▓░░░░░░░░░░░ 36.0% ( 7/12)
λ node_modules\expo\node_modules\@expo\cli\node_modules\@expo\router-server\node\render.js ░░░░░░░░░░░░░░░░  1.0% (1/2)
Web node_modules\expo-router\entry.js ▓▓▓▓▓▓▓░░░░░░░░░ 49.8% (25/43)
λ node_modules\expo\node_modules\@expo\cli\node_modules\@expo\router-server\node\render.js ▓▓▓▓░░░░░░░░░░░░ 25.0% ( 34/105)
Web node_modules\expo-router\entry.js ▓▓▓▓▓▓▓░░░░░░░░░ 49.8% ( 54/129)
λ node_modules\expo\node_modules\@expo\cli\node_modules\@expo\router-server\node\render.js ▓▓▓▓▓░░░░░░░░░░░ 33.7% (115/214)
Web node_modules\expo-router\entry.js ▓▓▓▓▓▓▓░░░░░░░░░ 49.8% (106/193)
λ node_modules\expo\node_modules\@expo\cli\node_modules\@expo\router-server\node\render.js ▓▓▓▓▓░░░░░░░░░░░ 33.7% (189/388)
Web node_modules\expo-router\entry.js ▓▓▓▓▓▓▓░░░░░░░░░ 49.8% (145/270)
λ node_modules\expo\node_modules\@expo\cli\node_modules\@expo\router-server\node\render.js ▓▓▓▓▓░░░░░░░░░░░ 33.7% (271/531)
Web node_modules\expo-router\entry.js ▓▓▓▓▓▓▓░░░░░░░░░ 49.8% (185/333)
λ node_modules\expo\node_modules\@expo\cli\node_modules\@expo\router-server\node\render.js ▓▓▓▓▓▓░░░░░░░░░░ 40.8% (401/628)
Web node_modules\expo-router\entry.js ▓▓▓▓▓▓▓░░░░░░░░░ 49.8% (266/457)
λ node_modules\expo\node_modules\@expo\cli\node_modules\@expo\router-server\node\render.js ▓▓▓▓▓▓▓░░░░░░░░░ 46.3% (498/736)
Web node_modules\expo-router\entry.js ▓▓▓▓▓▓▓░░░░░░░░░ 49.8% (292/469)
λ node_modules\expo\node_modules\@expo\cli\node_modules\@expo\router-server\node\render.js ▓▓▓▓▓▓▓░░░░░░░░░ 46.3% ( 589/1289)
Web node_modules\expo-router\entry.js ▓▓▓▓▓▓▓▓▓░░░░░░░ 56.4% (456/607)
λ node_modules\expo\node_modules\@expo\cli\node_modules\@expo\router-server\node\render.js ▓▓▓▓▓▓▓░░░░░░░░░ 46.3% ( 645/1356)
Web node_modules\expo-router\entry.js ▓▓▓▓▓▓▓▓▓░░░░░░░ 57.4% (460/607)
λ node_modules\expo\node_modules\@expo\cli\node_modules\@expo\router-server\node\render.js ▓▓▓▓▓▓▓░░░░░░░░░ 46.3% ( 882/1492)
Web node_modules\expo-router\entry.js ▓▓▓▓▓▓▓▓▓░░░░░░░ 57.4% (460/607)
λ node_modules\expo\node_modules\@expo\cli\node_modules\@expo\router-server\node\render.js ▓▓▓▓▓▓▓░░░░░░░░░ 46.3% (1257/2021)
Web node_modules\expo-router\entry.js ▓▓▓▓▓▓▓▓▓▓▓▓░░░░ 78.7% (602/688)
λ node_modules\expo\node_modules\@expo\cli\node_modules\@expo\router-server\node\render.js ▓▓▓▓▓▓▓░░░░░░░░░ 46.3% (1370/2058)
Web node_modules\expo-router\entry.js ▓▓▓▓▓▓▓▓▓▓▓▓░░░░ 78.7% (602/688)
λ node_modules\expo\node_modules\@expo\cli\node_modules\@expo\router-server\node\render.js ▓▓▓▓▓▓▓▓░░░░░░░░ 50.1% (1527/2158)
Web node_modules\expo-router\entry.js ▓▓▓▓▓▓▓▓▓▓▓▓░░░░ 78.7% (607/691)
λ node_modules\expo\node_modules\@expo\cli\node_modules\@expo\router-server\node\render.js ▓▓▓▓▓▓▓▓▓░░░░░░░ 57.8% (1691/2225)
Web node_modules\expo-router\entry.js ▓▓▓▓▓▓▓▓▓▓▓▓░░░░ 78.7% (607/691)
λ node_modules\expo\node_modules\@expo\cli\node_modules\@expo\router-server\node\render.js ▓▓▓▓▓▓▓▓▓▓▓▓░░░░ 80.5% (1997/2226)
Web node_modules\expo-router\entry.js ░░░░░░░░░░░░░░░░  0.0% (0/1)
λ node_modules\expo\node_modules\@expo\cli\node_modules\@expo\router-server\node\render.js ░░░░░░░░░░░░░░░░  0.0% (0/1)
Web node_modules\expo-router\entry.js ▓▓▓▓▓▓▓▓▓▓▓▓░░░░ 78.7% (652/738)
λ node_modules\expo\node_modules\@expo\cli\node_modules\@expo\router-server\node\render.js ▓▓▓▓▓▓▓▓▓▓▓▓░░░░ 80.8% (2051/2284)
Web node_modules\expo-router\entry.js ░░░░░░░░░░░░░░░░  0.0% (0/1)
λ node_modules\expo\node_modules\@expo\cli\node_modules\@expo\router-server\node\render.js ░░░░░░░░░░░░░░░░  0.0% (0/1)
Web node_modules\expo-router\entry.js ▓▓▓▓▓▓▓▓▓▓▓▓░░░░ 80.4% (688/777)
λ node_modules\expo\node_modules\@expo\cli\node_modules\@expo\router-server\node\render.js ▓▓▓▓▓▓▓▓▓▓▓▓▓░░░ 86.1% (2159/2327)
Web node_modules\expo-router\entry.js ░░░░░░░░░░░░░░░░  0.0% (0/1)
λ node_modules\expo\node_modules\@expo\cli\node_modules\@expo\router-server\node\render.js ░░░░░░░░░░░░░░░░  0.0% (0/1)
Web node_modules\expo-router\entry.js ▓▓▓▓▓▓▓▓▓▓▓▓░░░░ 80.6% (712/822)
λ node_modules\expo\node_modules\@expo\cli\node_modules\@expo\router-server\node\render.js ▓▓▓▓▓▓▓▓▓▓▓▓▓▓▓░ 94.1% (2273/2343)
Web node_modules\expo-router\entry.js ░░░░░░░░░░░░░░░░  0.0% (0/1)
λ node_modules\expo\node_modules\@expo\cli\node_modules\@expo\router-server\node\render.js ░░░░░░░░░░░░░░░░  0.0% (0/1)
Web node_modules\expo-router\entry.js ▓▓▓▓▓▓▓▓▓▓▓▓░░░░ 80.6% (763/913)
λ node_modules\expo\node_modules\@expo\cli\node_modules\@expo\router-server\node\render.js ▓▓▓▓▓▓▓▓▓▓▓▓▓▓▓░ 96.4% (2327/2370)
Web node_modules\expo-router\entry.js ░░░░░░░░░░░░░░░░  0.0% (0/1)
λ node_modules\expo\node_modules\@expo\cli\node_modules\@expo\router-server\node\render.js ░░░░░░░░░░░░░░░░  0.0% (0/1)
Web node_modules\expo-router\entry.js ▓▓▓▓▓▓▓▓▓▓▓▓░░░░ 80.6% ( 893/1006)
λ node_modules\expo\node_modules\@expo\cli\node_modules\@expo\router-server\node\render.js ▓▓▓▓▓▓▓▓▓▓▓▓▓▓▓░ 97.0% (2354/2408)
Web node_modules\expo-router\entry.js ░░░░░░░░░░░░░░░░  0.0% (0/1)
λ node_modules\expo\node_modules\@expo\cli\node_modules\@expo\router-server\node\render.js ░░░░░░░░░░░░░░░░  0.0% (0/1)
Web node_modules\expo-router\entry.js ▓▓▓▓▓▓▓▓▓▓▓▓░░░░ 80.6% ( 980/1560)
λ node_modules\expo\node_modules\@expo\cli\node_modules\@expo\router-server\node\render.js ▓▓▓▓▓▓▓▓▓▓▓▓▓▓▓░ 98.3% (2399/2420)
Web node_modules\expo-router\entry.js ░░░░░░░░░░░░░░░░  0.0% (0/1)
λ node_modules\expo\node_modules\@expo\cli\node_modules\@expo\router-server\node\render.js ░░░░░░░░░░░░░░░░  0.0% (0/1)
Web node_modules\expo-router\entry.js ▓▓▓▓▓▓▓▓▓▓▓▓░░░░ 80.6% (1265/2120)
λ node_modules\expo\node_modules\@expo\cli\node_modules\@expo\router-server\node\render.js ▓▓▓▓▓▓▓▓▓▓▓▓▓▓▓░ 98.3% (2417/2444)
Web node_modules\expo-router\entry.js ░░░░░░░░░░░░░░░░  0.0% (0/1)
λ node_modules\expo\node_modules\@expo\cli\node_modules\@expo\router-server\node\render.js ░░░░░░░░░░░░░░░░  0.0% (0/1)
Web node_modules\expo-router\entry.js ▓▓▓▓▓▓▓▓▓▓▓▓░░░░ 80.6% (1574/2167)
λ node_modules\expo\node_modules\@expo\cli\node_modules\@expo\router-server\node\render.js ▓▓▓▓▓▓▓▓▓▓▓▓▓▓▓░ 98.8% (2432/2447)
Web node_modules\expo-router\entry.js ░░░░░░░░░░░░░░░░  0.0% (0/1)
λ node_modules\expo\node_modules\@expo\cli\node_modules\@expo\router-server\node\render.js ░░░░░░░░░░░░░░░░  0.0% (0/1)
Web node_modules\expo-router\entry.js ▓▓▓▓▓▓▓▓▓▓▓▓░░░░ 80.6% (1862/2218)
λ node_modules\expo\node_modules\@expo\cli\node_modules\@expo\router-server\node\render.js ▓▓▓▓▓▓▓▓▓▓▓▓▓▓▓░ 99.3% (2439/2447)
Web node_modules\expo-router\entry.js ░░░░░░░░░░░░░░░░  0.0% (0/1)
λ node_modules\expo\node_modules\@expo\cli\node_modules\@expo\router-server\node\render.js ░░░░░░░░░░░░░░░░  0.0% (0/1)
Web node_modules\expo-router\entry.js ▓▓▓▓▓▓▓▓▓▓▓▓▓▓░░ 90.8% (2174/2281)
λ node_modules\expo\node_modules\@expo\cli\node_modules\@expo\router-server\node\render.js ▓▓▓▓▓▓▓▓▓▓▓▓▓▓▓░ 99.3% (2439/2447)
Web node_modules\expo-router\entry.js ░░░░░░░░░░░░░░░░  0.0% (0/1)
λ node_modules\expo\node_modules\@expo\cli\node_modules\@expo\router-server\node\render.js ░░░░░░░░░░░░░░░░  0.0% (0/1)
Web node_modules\expo-router\entry.js ▓▓▓▓▓▓▓▓▓▓▓▓▓▓▓░ 98.4% (2470/2536)
λ node_modules\expo\node_modules\@expo\cli\node_modules\@expo\router-server\node\render.js ▓▓▓▓▓▓▓▓▓▓▓▓▓▓▓░ 99.7% (2456/2460)
Web node_modules\expo-router\entry.js ░░░░░░░░░░░░░░░░  0.0% (0/1)
λ node_modules\expo\node_modules\@expo\cli\node_modules\@expo\router-server\node\render.js ░░░░░░░░░░░░░░░░  0.0% (0/1)
λ Bundled 91864ms node_modules\expo\node_modules\@expo\cli\node_modules\@expo\router-server\node\render.js (2460 modules)
λ Bundled 42230ms node_modules\expo\node_modules\@expo\cli\node_modules\@expo\router-server\node\render.js (1 module)
Web node_modules\expo-router\entry.js ▓▓▓▓▓▓▓▓▓▓▓▓▓▓▓░ 99.9% (2543/2543)
Web node_modules\expo-router\entry.js ░░░░░░░░░░░░░░░░  0.0% (0/1)
Web Bundled 95975ms node_modules\expo-router\entry.js (2543 modules)
Web Bundled 46306ms node_modules\expo-router\entry.js (1 module)
Web node_modules\expo-router\entry.js ░░░░░░░░░░░░░░░░  0.0% (0/1)
Web node_modules\expo-router\entry.js ▓▓▓▓▓▓▓░░░░░░░░░ 44.4% (159/307)
Web node_modules\expo-router\entry.js ▓▓▓▓▓▓▓░░░░░░░░░ 46.7% (350/512)
Web node_modules\expo-router\entry.js ▓▓▓▓▓▓▓▓▓░░░░░░░ 58.2% (441/578)
Web node_modules\expo-router\entry.js ▓▓▓▓▓▓▓▓▓░░░░░░░ 62.2% (490/624)
Web node_modules\expo-router\entry.js ▓▓▓▓▓▓▓▓▓▓░░░░░░ 64.0% (531/664)
Web node_modules\expo-router\entry.js ▓▓▓▓▓▓▓▓▓▓░░░░░░ 66.6% (598/867)
Web node_modules\expo-router\entry.js ▓▓▓▓▓▓▓▓▓▓░░░░░░ 66.6% ( 697/1187)
Web node_modules\expo-router\entry.js ▓▓▓▓▓▓▓▓▓▓░░░░░░ 66.6% ( 836/1635)
Web node_modules\expo-router\entry.js ▓▓▓▓▓▓▓▓▓▓░░░░░░ 66.6% (1008/1816)
Web node_modules\expo-router\entry.js ▓▓▓▓▓▓▓▓▓▓░░░░░░ 66.6% (1173/1899)
Web node_modules\expo-router\entry.js ▓▓▓▓▓▓▓▓▓▓░░░░░░ 66.6% (1337/1968)
Web node_modules\expo-router\entry.js ▓▓▓▓▓▓▓▓▓▓░░░░░░ 66.6% (1525/2021)
Web node_modules\expo-router\entry.js ▓▓▓▓▓▓▓▓▓▓░░░░░░ 66.6% (1673/2052)
Web node_modules\expo-router\entry.js ▓▓▓▓▓▓▓▓▓▓▓░░░░░ 73.2% (1814/2160)
Web node_modules\expo-router\entry.js ▓▓▓▓▓▓▓▓▓▓▓▓░░░░ 79.3% (1972/2215)
Web node_modules\expo-router\entry.js ▓▓▓▓▓▓▓▓▓▓▓▓▓▓░░ 87.8% (2101/2242)
Web node_modules\expo-router\entry.js ▓▓▓▓▓▓▓▓▓▓▓▓▓▓▓░ 95.7% (2242/2292)
Web node_modules\expo-router\entry.js ▓▓▓▓▓▓▓▓▓▓▓▓▓▓▓░ 99.1% (2305/2316)
Web node_modules\expo-router\entry.js ▓▓▓▓▓▓▓▓▓▓▓▓▓▓▓░ 99.3% (2509/2543)
Web Bundled 68441ms node_modules\expo-router\entry.js (2544 modules)
 LOG  [web] Logs will appear in the browser console
Web node_modules\expo-router\entry.js ░░░░░░░░░░░░░░░░  0.0% (0/1)
λ Bundled 208ms node_modules\expo\node_modules\@expo\cli\node_modules\@expo\router-server\node\render.js (1 module)
Web Bundled 988ms node_modules\expo-router\entry.js (1 module)
Web node_modules\expo-router\entry.js ░░░░░░░░░░░░░░░░  0.0% (0/1)
λ Bundled 243ms node_modules\expo\node_modules\@expo\cli\node_modules\@expo\router-server\node\render.js (1 module)
Web Bundled 1049ms node_modules\expo-router\entry.js (1 module)
Web node_modules\expo-router\entry.js ░░░░░░░░░░░░░░░░  0.0% (0/1)
λ Bundled 181ms node_modules\expo\node_modules\@expo\cli\node_modules\@expo\router-server\node\render.js (1 module)
Web Bundled 979ms node_modules\expo-router\entry.js (1 module)
Web node_modules\expo-router\entry.js ░░░░░░░░░░░░░░░░  0.0% (0/1)
λ Bundled 98ms node_modules\expo\node_modules\@expo\cli\node_modules\@expo\router-server\node\render.js (1 module)
Web Bundled 877ms node_modules\expo-router\entry.js (1 module)
λ Bundled 136ms node_modules\expo\node_modules\@expo\cli\node_modules\@expo\router-server\node\render.js (1 module)
Web Bundled 939ms node_modules\expo-router\entry.js (1 module)
Web Bundled 239ms node_modules\expo-router\entry.js (1 module)
 LOG  [web] Logs will appear in the browser console
Web node_modules\expo-router\entry.js ░░░░░░░░░░░░░░░░  0.0% (0/1)
λ Bundled 253ms node_modules\expo\node_modules\@expo\cli\node_modules\@expo\router-server\node\render.js (1 module)
Web Bundled 1066ms node_modules\expo-router\entry.js (1 module)
